[    0.000000] Linux version 4.15.0-72-generic (buildd@lcy01-amd64-026) (gcc version 7.4.0 (Ubuntu 7.4.0-1ubuntu1~18.04.1)) #81-Ubuntu SMP Tue Nov 26 12:20:02 UTC 2019 (Ubuntu 4.15.0-72.81-generic 4.15.18)
[    0.000000] Command line: BOOT_IMAGE=/boot/vmlinuz-4.15.0-72-generic root=LABEL=cloudimg-rootfs ro console=tty1 console=ttyS0
[    0.000000] KERNEL supported cpus:
[    0.000000]   Intel GenuineIntel
[    0.000000]   AMD AuthenticAMD
[    0.000000]   Centaur CentaurHauls
[    0.000000] x86/fpu: Supporting XSAVE feature 0x001: 'x87 floating point registers'
[    0.000000] x86/fpu: Supporting XSAVE feature 0x002: 'SSE registers'
[    0.000000] x86/fpu: Supporting XSAVE feature 0x004: 'AVX registers'
[    0.000000] x86/fpu: xstate_offset[2]:  576, xstate_sizes[2]:  256
[    0.000000] x86/fpu: Enabled xstate features 0x7, context size is 832 bytes, using 'standard' format.
[    0.000000] e820: BIOS-provided physical RAM map:
[    0.000000] BIOS-e820: [mem 0x0000000000000000-0x000000000009fbff] usable
[    0.000000] BIOS-e820: [mem 0x000000000009fc00-0x000000000009ffff] reserved
[    0.000000] BIOS-e820: [mem 0x00000000000f0000-0x00000000000fffff] reserved
[    0.000000] BIOS-e820: [mem 0x0000000000100000-0x000000003ffeffff] usable
[    0.000000] BIOS-e820: [mem 0x000000003fff0000-0x000000003fffffff] ACPI data
[    0.000000] BIOS-e820: [mem 0x00000000fec00000-0x00000000fec00fff] reserved
[    0.000000] BIOS-e820: [mem 0x00000000fee00000-0x00000000fee00fff] reserved
[    0.000000] BIOS-e820: [mem 0x00000000fffc0000-0x00000000ffffffff] reserved
[    0.000000] NX (Execute Disable) protection: active
[    0.000000] SMBIOS 2.5 present.
[    0.000000] DMI: innotek GmbH VirtualBox/VirtualBox, BIOS VirtualBox 12/01/2006
[    0.000000] Hypervisor detected: KVM
[    0.000000] e820: last_pfn = 0x3fff0 max_arch_pfn = 0x400000000
[    0.000000] MTRR: Disabled
[    0.000000] x86/PAT: MTRRs disabled, skipping PAT initialization too.
[    0.000000] CPU MTRRs all blank - virtualized system.
[    0.000000] x86/PAT: Configuration [0-7]: WB  WT  UC- UC  WB  WT  UC- UC  
[    0.000000] found SMP MP-table at [mem 0x0009fff0-0x0009ffff]
[    0.000000] Scanning 1 areas for low memory corruption
[    0.000000] RAMDISK: [mem 0x35a6d000-0x36d2dfff]
[    0.000000] ACPI: Early table checksum verification disabled
[    0.000000] ACPI: RSDP 0x00000000000E0000 000024 (v02 VBOX  )
[    0.000000] ACPI: XSDT 0x000000003FFF0030 00003C (v01 VBOX   VBOXXSDT 00000001 ASL  00000061)
[    0.000000] ACPI: FACP 0x000000003FFF00F0 0000F4 (v04 VBOX   VBOXFACP 00000001 ASL  00000061)
[    0.000000] ACPI: DSDT 0x000000003FFF0470 0022EA (v02 VBOX   VBOXBIOS 00000002 INTL 20100528)
[    0.000000] ACPI: FACS 0x000000003FFF0200 000040
[    0.000000] ACPI: FACS 0x000000003FFF0200 000040
[    0.000000] ACPI: APIC 0x000000003FFF0240 00005C (v02 VBOX   VBOXAPIC 00000001 ASL  00000061)
[    0.000000] ACPI: SSDT 0x000000003FFF02A0 0001CC (v01 VBOX   VBOXCPUT 00000002 INTL 20100528)
[    0.000000] No NUMA configuration found
[    0.000000] Faking a node at [mem 0x0000000000000000-0x000000003ffeffff]
[    0.000000] NODE_DATA(0) allocated [mem 0x3ffc5000-0x3ffeffff]
[    0.000000] kvm-clock: cpu 0, msr 0:3ff44001, primary cpu clock
[    0.000000] kvm-clock: Using msrs 4b564d01 and 4b564d00
[    0.000000] kvm-clock: using sched offset of 3778033615 cycles
[    0.000000] clocksource: kvm-clock: mask: 0xffffffffffffffff max_cycles: 0x1cd42e4dffb, max_idle_ns: 881590591483 ns
[    0.000000] Zone ranges:
[    0.000000]   DMA      [mem 0x0000000000001000-0x0000000000ffffff]
[    0.000000]   DMA32    [mem 0x0000000001000000-0x000000003ffeffff]
[    0.000000]   Normal   empty
[    0.000000]   Device   empty
[    0.000000] Movable zone start for each node
[    0.000000] Early memory node ranges
[    0.000000]   node   0: [mem 0x0000000000001000-0x000000000009efff]
[    0.000000]   node   0: [mem 0x0000000000100000-0x000000003ffeffff]
[    0.000000] Reserved but unavailable: 98 pages
[    0.000000] Initmem setup node 0 [mem 0x0000000000001000-0x000000003ffeffff]
[    0.000000] ACPI: PM-Timer IO Port: 0x4008
[    0.000000] IOAPIC[0]: apic_id 2, version 32, address 0xfec00000, GSI 0-23
[    0.000000] ACPI: INT_SRC_OVR (bus 0 bus_irq 0 global_irq 2 dfl dfl)
[    0.000000] ACPI: INT_SRC_OVR (bus 0 bus_irq 9 global_irq 9 low level)
[    0.000000] Using ACPI (MADT) for SMP configuration information
[    0.000000] smpboot: Allowing 2 CPUs, 0 hotplug CPUs
[    0.000000] PM: Registered nosave memory: [mem 0x00000000-0x00000fff]
[    0.000000] PM: Registered nosave memory: [mem 0x0009f000-0x0009ffff]
[    0.000000] PM: Registered nosave memory: [mem 0x000a0000-0x000effff]
[    0.000000] PM: Registered nosave memory: [mem 0x000f0000-0x000fffff]
[    0.000000] e820: [mem 0x40000000-0xfebfffff] available for PCI devices
[    0.000000] Booting paravirtualized kernel on KVM
[    0.000000] clocksource: refined-jiffies: mask: 0xffffffff max_cycles: 0xffffffff, max_idle_ns: 7645519600211568 ns
[    0.000000] random: get_random_bytes called from start_kernel+0x99/0x4fd with crng_init=0
[    0.000000] setup_percpu: NR_CPUS:8192 nr_cpumask_bits:2 nr_cpu_ids:2 nr_node_ids:1
[    0.000000] percpu: Embedded 45 pages/cpu s147456 r8192 d28672 u1048576
[    0.000000] PV qspinlock hash table entries: 256 (order: 0, 4096 bytes)
[    0.000000] Built 1 zonelists, mobility grouping on.  Total pages: 257913
[    0.000000] Policy zone: DMA32
[    0.000000] Kernel command line: BOOT_IMAGE=/boot/vmlinuz-4.15.0-72-generic root=LABEL=cloudimg-rootfs ro console=tty1 console=ttyS0
[    0.000000] Memory: 983392K/1048120K available (12300K kernel code, 2481K rwdata, 4264K rodata, 2428K init, 2388K bss, 64728K reserved, 0K cma-reserved)
[    0.000000] SLUB: HWalign=64, Order=0-3, MinObjects=0, CPUs=2, Nodes=1
[    0.000000] Kernel/User page tables isolation: enabled
[    0.000000] ftrace: allocating 39318 entries in 154 pages
[    0.004000] Hierarchical RCU implementation.
[    0.004000] 	RCU restricting CPUs from NR_CPUS=8192 to nr_cpu_ids=2.
[    0.004000] 	Tasks RCU enabled.
[    0.004000] RCU: Adjusting geometry for rcu_fanout_leaf=16, nr_cpu_ids=2
[    0.004000] NR_IRQS: 524544, nr_irqs: 440, preallocated irqs: 16
[    0.004000] Console: colour VGA+ 80x25
[    0.004000] console [tty1] enabled
[    0.004000] console [ttyS0] enabled
[    0.004000] ACPI: Core revision 20170831
[    0.004000] ACPI: 2 ACPI AML tables successfully acquired and loaded
[    0.004000] APIC: Switch to symmetric I/O mode setup
[    0.004000] x2apic enabled
[    0.004000] Switched APIC routing to physical x2apic.
[    0.004000] ..TIMER: vector=0x30 apic1=0 pin1=2 apic2=-1 pin2=-1
[    0.004004] tsc: Detected 3504.002 MHz processor
[    0.004976] Calibrating delay loop (skipped) preset value.. 7008.00 BogoMIPS (lpj=14016008)
[    0.005617] pid_max: default: 32768 minimum: 301
[    0.008031] Security Framework initialized
[    0.008877] Yama: becoming mindful.
[    0.009588] AppArmor: AppArmor initialized
[    0.012024] Dentry cache hash table entries: 131072 (order: 8, 1048576 bytes)
[    0.013517] Inode-cache hash table entries: 65536 (order: 7, 524288 bytes)
[    0.016013] Mount-cache hash table entries: 2048 (order: 2, 16384 bytes)
[    0.017197] Mountpoint-cache hash table entries: 2048 (order: 2, 16384 bytes)
[    0.018704] Last level iTLB entries: 4KB 128, 2MB 8, 4MB 8
[    0.019804] Last level dTLB entries: 4KB 64, 2MB 0, 4MB 0, 1GB 4
[    0.020002] Spectre V1 : Mitigation: usercopy/swapgs barriers and __user pointer sanitization
[    0.021598] Spectre V2 : Mitigation: Full generic retpoline
[    0.022867] Spectre V2 : Spectre v2 / SpectreRSB mitigation: Filling RSB on context switch
[    0.024003] Speculative Store Bypass: Vulnerable
[    0.024976] MDS: Vulnerable: Clear CPU buffers attempted, no microcode
[    0.026348] Freeing SMP alternatives memory: 36K
[    0.137696] smpboot: CPU0: Intel(R) Core(TM) i5-7600 CPU @ 3.50GHz (family: 0x6, model: 0x9e, stepping: 0x9)
[    0.139918] Performance Events: unsupported p6 CPU model 158 no PMU driver, software events only.
[    0.140026] Hierarchical SRCU implementation.
[    0.141413] NMI watchdog: Perf event create on CPU 0 failed with -2
[    0.142578] NMI watchdog: Perf NMI watchdog permanently disabled
[    0.143741] smp: Bringing up secondary CPUs ...
[    0.144064] x86: Booting SMP configuration:
[    0.144902] .... node  #0, CPUs:      #1
[    0.004000] kvm-clock: cpu 1, msr 0:3ff44041, secondary cpu clock
[    0.148015] smp: Brought up 1 node, 2 CPUs
[    0.148780] smpboot: Max logical packages: 1
[    0.149573] smpboot: Total of 2 processors activated (14016.00 BogoMIPS)
[    0.152093] devtmpfs: initialized
[    0.152720] x86/mm: Memory block size: 128MB
[    0.153945] evm: security.selinux
[    0.154636] evm: security.SMACK64
[    0.155294] evm: security.SMACK64EXEC
[    0.156004] evm: security.SMACK64TRANSMUTE
[    0.156827] evm: security.SMACK64MMAP
[    0.157509] evm: security.apparmor
[    0.158186] evm: security.ima
[    0.158825] evm: security.capability
[    0.160083] clocksource: jiffies: mask: 0xffffffff max_cycles: 0xffffffff, max_idle_ns: 7645041785100000 ns
[    0.161869] futex hash table entries: 512 (order: 3, 32768 bytes)
[    0.163985] pinctrl core: initialized pinctrl subsystem
[    0.164107] RTC time: 12:28:12, date: 12/29/19
[    0.165089] NET: Registered protocol family 16
[    0.166003] audit: initializing netlink subsys (disabled)
[    0.168035] audit: type=2000 audit(1577622497.569:1): state=initialized audit_enabled=0 res=1
[    0.168103] cpuidle: using governor ladder
[    0.168880] cpuidle: using governor menu
[    0.172038] ACPI: bus type PCI registered
[    0.172899] acpiphp: ACPI Hot Plug PCI Controller Driver version: 0.5
[    0.174171] PCI: Using configuration type 1 for base access
[    0.176306] HugeTLB registered 2.00 MiB page size, pre-allocated 0 pages
[    0.177254] ACPI: Added _OSI(Module Device)
[    0.177254] ACPI: Added _OSI(Processor Device)
[    0.180002] ACPI: Added _OSI(3.0 _SCP Extensions)
[    0.180943] ACPI: Added _OSI(Processor Aggregator Device)
[    0.181921] ACPI: Added _OSI(Linux-Dell-Video)
[    0.182757] ACPI: Added _OSI(Linux-Lenovo-NV-HDMI-Audio)
[    0.184002] ACPI: Added _OSI(Linux-HPI-Hybrid-Graphics)
[    0.185296] ACPI: Executed 1 blocks of module-level executable AML code
[    0.190952] ACPI: Interpreter enabled
[    0.191690] ACPI: (supports S0 S5)
[    0.192000] ACPI: Using IOAPIC for interrupt routing
[    0.192256] PCI: Using host bridge windows from ACPI; if necessary, use "pci=nocrs" and report a bug
[    0.194037] ACPI: Enabled 2 GPEs in block 00 to 07
[    0.203074] ACPI: PCI Root Bridge [PCI0] (domain 0000 [bus 00-ff])
[    0.204000] acpi PNP0A03:00: _OSC: OS supports [ASPM ClockPM Segments MSI]
[    0.204565] acpi PNP0A03:00: _OSC: not requesting OS control; OS requires [ExtendedConfig ASPM ClockPM MSI]
[    0.206352] acpi PNP0A03:00: fail to add MMCONFIG information, can't access extended PCI configuration space under this bridge.
[    0.208338] PCI host bridge to bus 0000:00
[    0.209164] pci_bus 0000:00: root bus resource [io  0x0000-0x0cf7 window]
[    0.212003] pci_bus 0000:00: root bus resource [io  0x0d00-0xffff window]
[    0.213268] pci_bus 0000:00: root bus resource [mem 0x000a0000-0x000bffff window]
[    0.214675] pci_bus 0000:00: root bus resource [mem 0x40000000-0xfdffffff window]
[    0.216004] pci_bus 0000:00: root bus resource [bus 00-ff]
[    0.220071] pci 0000:00:01.1: legacy IDE quirk: reg 0x10: [io  0x01f0-0x01f7]
[    0.221696] pci 0000:00:01.1: legacy IDE quirk: reg 0x14: [io  0x03f6]
[    0.222773] pci 0000:00:01.1: legacy IDE quirk: reg 0x18: [io  0x0170-0x0177]
[    0.223963] pci 0000:00:01.1: legacy IDE quirk: reg 0x1c: [io  0x0376]
[    0.240968] pci 0000:00:07.0: quirk: [io  0x4000-0x403f] claimed by PIIX4 ACPI
[    0.242445] pci 0000:00:07.0: quirk: [io  0x4100-0x410f] claimed by PIIX4 SMB
[    0.248940] ACPI: PCI Interrupt Link [LNKA] (IRQs 5 9 10 *11)
[    0.250417] ACPI: PCI Interrupt Link [LNKB] (IRQs 5 9 *10 11)
[    0.251611] ACPI: PCI Interrupt Link [LNKC] (IRQs 5 *9 10 11)
[    0.252115] ACPI: PCI Interrupt Link [LNKD] (IRQs 5 9 10 *11)
[    0.253686] SCSI subsystem initialized
[    0.254410] pci 0000:00:02.0: vgaarb: setting as boot VGA device
[    0.254410] pci 0000:00:02.0: vgaarb: VGA device added: decodes=io+mem,owns=io+mem,locks=none
[    0.256009] pci 0000:00:02.0: vgaarb: bridge control possible
[    0.257196] vgaarb: loaded
[    0.257755] ACPI: bus type USB registered
[    0.260020] usbcore: registered new interface driver usbfs
[    0.261124] usbcore: registered new interface driver hub
[    0.262181] usbcore: registered new device driver usb
[    0.264021] EDAC MC: Ver: 3.0.0
[    0.264905] PCI: Using ACPI for IRQ routing
[    0.265065] NetLabel: Initializing
[    0.265753] NetLabel:  domain hash size = 128
[    0.266567] NetLabel:  protocols = UNLABELED CIPSOv4 CALIPSO
[    0.268017] NetLabel:  unlabeled traffic allowed by default
[    0.269132] clocksource: Switched to clocksource kvm-clock
[    0.279946] VFS: Disk quotas dquot_6.6.0
[    0.280809] VFS: Dquot-cache hash table entries: 512 (order 0, 4096 bytes)
[    0.282176] AppArmor: AppArmor Filesystem Enabled
[    0.283065] pnp: PnP ACPI init
[    0.284727] pnp: PnP ACPI: found 3 devices
[    0.294847] clocksource: acpi_pm: mask: 0xffffff max_cycles: 0xffffff, max_idle_ns: 2085701024 ns
[    0.296445] NET: Registered protocol family 2
[    0.297528] TCP established hash table entries: 8192 (order: 4, 65536 bytes)
[    0.298883] TCP bind hash table entries: 8192 (order: 5, 131072 bytes)
[    0.301263] TCP: Hash tables configured (established 8192 bind 8192)
[    0.302499] UDP hash table entries: 512 (order: 2, 16384 bytes)
[    0.303592] UDP-Lite hash table entries: 512 (order: 2, 16384 bytes)
[    0.304796] NET: Registered protocol family 1
[    0.305586] pci 0000:00:00.0: Limiting direct PCI/PCI transfers
[    0.306713] pci 0000:00:01.0: Activating ISA DMA hang workarounds
[    0.307857] pci 0000:00:02.0: Video device with shadowed ROM at [mem 0x000c0000-0x000dffff]
[    0.309545] Unpacking initramfs...
[    0.546772] Freeing initrd memory: 19204K
[    0.548270] clocksource: tsc: mask: 0xffffffffffffffff max_cycles: 0x328215697d5, max_idle_ns: 440795343774 ns
[    0.550277] platform rtc_cmos: registered platform RTC device (no PNP device found)
[    0.551892] Scanning for low memory corruption every 60 seconds
[    0.554405] Initialise system trusted keyrings
[    0.555245] Key type blacklist registered
[    0.556309] workingset: timestamp_bits=36 max_order=18 bucket_order=0
[    0.558371] zbud: loaded
[    0.559371] squashfs: version 4.0 (2009/01/31) Phillip Lougher
[    0.560574] fuse init (API version 7.26)
[    0.563006] Key type asymmetric registered
[    0.563817] Asymmetric key parser 'x509' registered
[    0.564847] Block layer SCSI generic (bsg) driver version 0.4 loaded (major 246)
[    0.566361] io scheduler noop registered
[    0.567122] io scheduler deadline registered
[    0.568180] io scheduler cfq registered (default)
[    0.569360] ACPI: AC Adapter [AC] (on-line)
[    0.570428] input: Power Button as /devices/LNXSYSTM:00/LNXPWRBN:00/input/input0
[    0.572414] ACPI: Power Button [PWRF]
[    0.573363] input: Sleep Button as /devices/LNXSYSTM:00/LNXSLPBN:00/input/input1
[    0.575017] ACPI: Sleep Button [SLPF]
[    0.576443] Serial: 8250/16550 driver, 32 ports, IRQ sharing enabled
[    0.598368] 00:02: ttyS0 at I/O 0x3f8 (irq = 4, base_baud = 115200) is a 16550A
[    0.604092] Linux agpgart interface v0.103
[    0.606239] loop: module loaded
[    0.607411] scsi host0: ata_piix
[    0.608342] scsi host1: ata_piix
[    0.609102] ata1: PATA max UDMA/33 cmd 0x1f0 ctl 0x3f6 bmdma 0xd000 irq 14
[    0.610357] ata2: PATA max UDMA/33 cmd 0x170 ctl 0x376 bmdma 0xd008 irq 15
[    0.611686] libphy: Fixed MDIO Bus: probed
[    0.612515] tun: Universal TUN/TAP device driver, 1.6
[    0.613676] PPP generic driver version 2.4.2
[    0.614680] ehci_hcd: USB 2.0 'Enhanced' Host Controller (EHCI) Driver
[    0.616040] ehci-pci: EHCI PCI platform driver
[    0.617124] ehci-platform: EHCI generic platform driver
[    0.618383] ohci_hcd: USB 1.1 'Open' Host Controller (OHCI) Driver
[    0.619546] ohci-pci: OHCI PCI platform driver
[    0.620621] ohci-platform: OHCI generic platform driver
[    0.621772] uhci_hcd: USB Universal Host Controller Interface driver
[    0.622978] i8042: PNP: PS/2 Controller [PNP0303:PS2K,PNP0f03:PS2M] at 0x60,0x64 irq 1,12
[    0.625536] serio: i8042 KBD port at 0x60,0x64 irq 1
[    0.626746] serio: i8042 AUX port at 0x60,0x64 irq 12
[    0.628052] mousedev: PS/2 mouse device common for all mice
[    0.629883] input: AT Translated Set 2 keyboard as /devices/platform/i8042/serio0/input/input2
[    0.631930] rtc_cmos rtc_cmos: rtc core: registered rtc_cmos as rtc0
[    0.633220] rtc_cmos rtc_cmos: alarms up to one day, 114 bytes nvram
[    0.634623] i2c /dev entries driver
[    0.635360] device-mapper: uevent: version 1.0.3
[    0.636362] device-mapper: ioctl: 4.37.0-ioctl (2017-09-20) initialised: dm-devel@redhat.com
[    0.637991] ledtrig-cpu: registered to indicate activity on CPUs
[    0.639483] NET: Registered protocol family 10
[    0.643142] Segment Routing with IPv6
[    0.643867] NET: Registered protocol family 17
[    0.644922] Key type dns_resolver registered
[    0.645958] mce: Using 0 MCE banks
[    0.646667] RAS: Correctable Errors collector initialized.
[    0.647703] sched_clock: Marking stable (645933471, 0)->(828079831, -182146360)
[    0.649509] registered taskstats version 1
[    0.650360] Loading compiled-in X.509 certificates
[    0.653240] Loaded X.509 cert 'Build time autogenerated kernel key: f4f7241365689b0cbe3898188e65e316fd8f978d'
[    0.655096] zswap: loaded using pool lzo/zbud
[    0.658460] Key type big_key registered
[    0.659245] Key type trusted registered
[    0.661507] Key type encrypted registered
[    0.662399] AppArmor: AppArmor sha1 policy hashing enabled
[    0.663349] ima: No TPM chip found, activating TPM-bypass! (rc=-19)
[    0.664616] ima: Allocated hash algorithm: sha1
[    0.665493] evm: HMAC attrs: 0x1
[    0.666359]   Magic number: 15:415:482
[    0.667163] ata_device dev1.1: hash matches
[    0.668132]  dev1.1: hash matches
[    0.668937] rtc_cmos rtc_cmos: setting system clock to 2019-12-29 12:28:12 UTC (1577622492)
[    0.670596] BIOS EDD facility v0.16 2004-Jun-25, 0 devices found
[    0.671658] EDD information not available.
[    0.771341] Freeing unused kernel image memory: 2428K
[    0.793669] Write protecting the kernel read-only data: 20480k
[    0.795575] Freeing unused kernel image memory: 2008K
[    0.796746] Freeing unused kernel image memory: 1880K
[    0.805404] x86/mm: Checked W+X mappings: passed, no W+X pages found.
[    0.806601] x86/mm: Checking user space page tables
[    0.815270] x86/mm: Checked W+X mappings: passed, no W+X pages found.
Loading, please wait...
starting version 237
[    0.889523] e1000: Intel(R) PRO/1000 Network Driver - version 7.3.21-k8-NAPI
[    0.890971] e1000: Copyright (c) 1999-2006 Intel Corporation.
[    0.894027] Fusion MPT base driver 3.04.20
[    0.894829] Copyright (c) 1999-2008 LSI Corporation
[    0.902940] Fusion MPT SPI Host driver 3.04.20
[    0.904513] AVX2 version of gcm_enc/dec engaged.
[    0.905400] AES CTR mode by8 optimization enabled
[    1.101445] input: ImExPS/2 Generic Explorer Mouse as /devices/platform/i8042/serio1/input/input4
[    1.290046] e1000 0000:00:03.0 eth0: (PCI:33MHz:32-bit) 02:b7:1f:33:e9:24
[    1.291371] e1000 0000:00:03.0 eth0: Intel(R) PRO/1000 Network Connection
[    1.293690] e1000 0000:00:03.0 enp0s3: renamed from eth0
[    1.293697] mptbase: ioc0: Initiating bringup
[    1.545551] ioc0: LSI53C1030 A0: Capabilities={Initiator}
[    2.038909] scsi host2: ioc0: LSI53C1030 A0, FwRev=00000000h, Ports=1, MaxQ=256, IRQ=20
[    3.301467] scsi 2:0:0:0: Direct-Access     VBOX     HARDDISK         1.0  PQ: 0 ANSI: 5
[    3.332264] scsi target2:0:0: Beginning Domain Validation
[    3.336116] scsi target2:0:0: Domain Validation skipping write tests
[    3.337352] scsi target2:0:0: Ending Domain Validation
[    3.338416] scsi target2:0:0: asynchronous
[    3.340046] scsi 2:0:1:0: Direct-Access     VBOX     HARDDISK         1.0  PQ: 0 ANSI: 5
[    3.372403] scsi target2:0:1: Beginning Domain Validation
[    3.375923] random: fast init done
[    3.377036] scsi target2:0:1: Domain Validation skipping write tests
[    3.378125] scsi target2:0:1: Ending Domain Validation
[    3.379164] scsi target2:0:1: asynchronous
[    3.384376] random: systemd-udevd: uninitialized urandom read (16 bytes read)
[    3.385667] sd 2:0:0:0: Attached scsi generic sg0 type 0
[    3.385804] random: systemd-udevd: uninitialized urandom read (16 bytes read)
[    3.395999] sd 2:0:0:0: [sda] 20971520 512-byte logical blocks: (10.7 GB/10.0 GiB)
[    3.397708] sd 2:0:0:0: [sda] Write Protect is off
[    3.398645] random: systemd-udevd: uninitialized urandom read (16 bytes read)
[    3.398709] sd 2:0:1:0: Attached scsi generic sg1 type 0
[    3.400135] sd 2:0:0:0: [sda] Incomplete mode parameter data
[    3.403120] sd 2:0:0:0: [sda] Assuming drive cache: write through
[    3.404388] sd 2:0:1:0: [sdb] 20480 512-byte logical blocks: (10.5 MB/10.0 MiB)
[    3.406045] sd 2:0:1:0: [sdb] Write Protect is off
[    3.407724] sd 2:0:1:0: [sdb] Incomplete mode parameter data
[    3.408845] sd 2:0:1:0: [sdb] Assuming drive cache: write through
[    3.413541]  sda: sda1
[    3.414933] sd 2:0:0:0: [sda] Attached SCSI disk
[    3.417009] sd 2:0:1:0: [sdb] Attached SCSI disk
Begin: Loading essential drivers ... [    4.984583] raid6: sse2x1   gen() 12035 MB/s
[    5.032393] raid6: sse2x1   xor()  8900 MB/s
[    5.081180] raid6: sse2x2   gen() 15222 MB/s
[    5.128015] raid6: sse2x2   xor() 10158 MB/s
[    5.176825] raid6: sse2x4   gen() 18133 MB/s
[    5.224631] raid6: sse2x4   xor() 10796 MB/s
[    5.272473] raid6: avx2x1   gen() 24760 MB/s
[    5.320017] raid6: avx2x1   xor() 17128 MB/s
[    5.368118] raid6: avx2x2   gen() 31816 MB/s
[    5.416014] raid6: avx2x2   xor() 18941 MB/s
[    5.464771] raid6: avx2x4   gen() 34761 MB/s
[    5.512588] raid6: avx2x4   xor() 20636 MB/s
[    5.513419] raid6: using algorithm avx2x4 gen() 34761 MB/s
[    5.514514] raid6: .... xor() 20636 MB/s, rmw enabled
[    5.515523] raid6: using avx2x2 recovery algorithm
[    5.517572] xor: automatically using best checksumming function   avx       
[    5.520003] async_tx: api initialized (async)
done.
Begin: Running /scripts/init-premount ... done.
Begin: Mounting root file system ... Begin: Running /scripts/local-top ... done.
Begin: Running /scripts/local-premount ... [    5.559259] Btrfs loaded, crc32c=crc32c-intel
Scanning for Btrfs filesystems
done.
Warning: fsck not present, so skipping root file system
[    5.592932] EXT4-fs (sda1): mounted filesystem with ordered data mode. Opts: (null)
done.
Begin: Running /scripts/local-bottom ... done.
Begin: Running /scripts/init-bottom ... done.
[    5.755434] ip_tables: (C) 2000-2006 Netfilter Core Team
[    5.762803] systemd[1]: systemd 237 running in system mode. (+PAM +AUDIT +SELINUX +IMA +APPARMOR +SMACK +SYSVINIT +UTMP +LIBCRYPTSETUP +GCRYPT +GNUTLS +ACL +XZ +LZ4 +SECCOMP +BLKID +ELFUTILS +KMOD -IDN2 +IDN -PCRE2 default-hierarchy=hybrid)
[    5.766403] systemd[1]: Detected virtualization oracle.
[    5.767325] systemd[1]: Detected architecture x86-64.

Welcome to [1mUbuntu 18.04.3 LTS[0m!

[    5.784917] systemd[1]: Set hostname to <ubuntu>.
[    5.788667] systemd[1]: Initializing machine ID from random generator.
[    5.789990] systemd[1]: Installed transient /etc/machine-id file.
[    6.033218] systemd[1]: Set up automount Arbitrary Executable File Formats File System Automount Point.
[[0;32m  OK  [0m] Set up automount Arbitrary Executab…rmats File System Automount Point.
[    6.048182] systemd[1]: Started Forward Password Requests to Wall Directory Watch.
[[0;32m  OK  [0m] Started Forward Password Requests to Wall Directory Watch.
[    6.060871] systemd[1]: Reached target System Time Synchronized.
[[0;32m  OK  [0m] Reached target System Time Synchronized.
[    6.062761] systemd[1]: Reached target User and Group Name Lookups.
[[0;32m  OK  [0m] Reached target User and Group Name Lookups.
[[0;32m  OK  [0m] Created slice System Slice.
[[0;32m  OK  [0m] Listening on Journal Socket.
[[0;32m  OK  [0m] Listening on Syslog Socket.
         Mounting POSIX Message Queue File System...
[[0;32m  OK  [0m] Listening on udev Kernel Socket.
         Starting Uncomplicated firewall...
         Starting Set the console keyboard layout...
         Mounting Kernel Debug File System...
[[0;32m  OK  [0m] Listening on /dev/initctl Compatibility Named Pipe.
[[0;32m  OK  [0m] Listening on LVM2 metadata daemon socket.
[[0;32m  OK  [0m] Listening on Journal Socket (/dev/log).
[[0;32m  OK  [0m] Listening on Device-mapper event daemon FIFOs.
         Starting Monitoring of LVM2 mirrors…ng dmeventd or progress polling...
[[0;32m  OK  [0m] Reached target Swap.
[[0;32m  OK  [0m] Created slice User and Session Slice.
[[0;32m  OK  [0m] Reached target Slices.
[[0;32m  OK  [0m] Listening on Network Service Netlink Socket.
[[0;32m  OK  [0m] Listening on LVM2 poll daemon socket.
         Mounting Huge Pages File System...
[[0;32m  OK  [0m] Created slice system-serial\x2dgetty.slice.
         Starting Remount Root and Kernel File Systems...
[    6.215143] EXT4-fs (sda1): re-mounted. Opts: (null)
         Starting Load Kernel Modules...
         Starting Create list of required st…ce nodes for the current kernel...
[[0;32m  OK  [0m] Listening on Journal Audit Socket.
         Starting Journal Service...
[[0;32m  OK  [0m] Listening on udev Control Socket.
         Starting udev Coldplug all Devices...
[    6.240923] Loading iSCSI transport class v2.0-870.
[[0;32m  OK  [0m] Mounted POSIX Message Queue File System.
[    6.250867] iscsi: registered transport (tcp)
[[0;32m  OK  [0m] Started Uncomplicated firewall.
[    6.268819] iscsi: registered transport (iser)
[[0;32m  OK  [0m] Started Set the console keyboard layout.
[[0;32m  OK  [0m] Mounted Kernel Debug File System.
[[0;32m  OK  [0m] Mounted Huge Pages File System.
[[0;32m  OK  [0m] Started Remount Root and Kernel File Systems.
[[0;32m  OK  [0m] Started Journal Service.
[[0;32m  OK  [0m] Started Load Kernel Modules.
[[0;32m  OK  [0m] Started Create list of required sta…vice nodes for the current kernel.
[[0;32m  OK  [0m] Started LVM2 metadata daemon.
         Starting Create Static Device Nodes in /dev...
         Starting Apply Kernel Variables...
         Mounting FUSE Control File System...
         Mounting Kernel Configuration File System...
         Starting Load/Save Random Seed...
         Starting Flush Journal to Persistent Storage...
[[0;32m  OK  [0m] Started udev Coldplug all Devices.
[[0;32m  OK  [0m] Started Create Static Device Nodes in /dev.
[[0;32m  OK  [0m] Started Apply Kernel Variables.
[[0;32m  OK  [0m] Mounted FUSE Control File System.
[[0;32m  OK  [0m] Started Monitoring of LVM2 mirrors,…sing dmeventd or progress polling.
[[0;32m  OK  [0m] Mounted Kernel Configuration File System.
[[0;32m  OK  [0m] Started Load/Save Random Seed.
[[0;32m  OK  [0m] Reached target Local File Systems (Pre).
[[0;32m  OK  [0m] Reached target Local File Systems.
         Starting ebtables ruleset management...
         Starting Set console font and keymap...
         Starting Tell Plymouth To Write Out Runtime Data...
         Starting AppArmor initialization...
         Starting Commit a transient machine-id on disk...
         Starting udev Kernel Device Manager...
[[0;32m  OK  [0m] Started Set console font and keymap.
[[0;32m  OK  [0m] Started Tell Plymouth To Write Out Runtime Data.
[[0;32m  OK  [0m] Started udev Kernel Device Manager.
[[0;32m  OK  [0m] Started Dispatch Password Requests to Console Directory Watch.
[[0;32m  OK  [0m] Reached target Local Encrypted Volumes.
[[0;32m  OK  [0m] Started ebtables ruleset management.
[[0;32m  OK  [0m] Started Commit a transient machine-id on disk.
[[0;32m  OK  [0m] Started Flush Journal to Persistent Storage.
         Starting Create Volatile Files and Directories...
[[0;32m  OK  [0m] Started Create Volatile Files and Directories.
         Starting Update UTMP about System Boot/Shutdown...
[[0;32m  OK  [0m] Started Update UTMP about System Boot/Shutdown.
[[0;32m  OK  [0m] Found device /dev/ttyS0.
[[0;32m  OK  [0m] Listening on Load/Save RF Kill Switch Status /dev/rfkill Watch.
[[0;32m  OK  [0m] Started AppArmor initialization.
         Starting Initial cloud-init job (pre-networking)...
[    9.260201] cloud-init[567]: Cloud-init v. 19.3-41-gc4735dd3-0ubuntu1~18.04.1 running 'init-local' at Sun, 29 Dec 2019 12:28:20 +0000. Up 8.84 seconds.
[[0;32m  OK  [0m] Started Initial cloud-init job (pre-networking).
[[0;32m  OK  [0m] Reached target Network (Pre).
         Starting Network Service...
[[0;32m  OK  [0m] Started Network Service.
         Starting Wait for Network to be Configured...
         Starting Network Name Resolution...
[[0;32m  OK  [0m] Started Network Name Resolution.
[[0;32m  OK  [0m] Reached target Host and Network Name Lookups.
[[0;32m  OK  [0m] Reached target Network.
[[0;32m  OK  [0m] Started Wait for Network to be Configured.
         Starting Initial cloud-init job (metadata service crawler)...
[   11.204469] cloud-init[691]: Cloud-init v. 19.3-41-gc4735dd3-0ubuntu1~18.04.1 running 'init' at Sun, 29 Dec 2019 12:28:22 +0000. Up 11.00 seconds.
[   11.206654] cloud-init[691]: ci-info: ++++++++++++++++++++++++++++++++++++++Net device info++++++++++++++++++++++++++++++++++++++
[   11.207660] cloud-init[691]: ci-info: +--------+------+----------------------------+---------------+--------+-------------------+
[   11.209019] cloud-init[691]: ci-info: | Device |  Up  |          Address           |      Mask     | Scope  |     Hw-Address    |
[   11.210373] cloud-init[691]: ci-info: +--------+------+----------------------------+---------------+--------+-------------------+
[   11.211657] cloud-init[691]: ci-info: | enp0s3 | True |         10.0.2.15          | 255.255.255.0 | global | 02:b7:1f:33:e9:24 |
[   11.224382] cloud-init[691]: ci-info: | enp0s3 | True | fe80::b7:1fff:fe33:e924/64 |       .       |  link  | 02:b7:1f:33:e9:24 |
[   11.225509] cloud-init[691]: ci-info: |   lo   | True |         127.0.0.1          |   255.0.0.0   |  host  |         .         |
[   11.226949] cloud-init[691]: ci-info: |   lo   | True |          ::1/128           |       .       |  host  |         .         |
[   11.228477] cloud-init[691]: ci-info: +--------+------+----------------------------+---------------+--------+-------------------+
[   11.229826] cloud-init[691]: ci-info: ++++++++++++++++++++++++++++Route IPv4 info+++++++++++++++++++++++++++++
[   11.230976] cloud-init[691]: ci-info: +-------+-------------+----------+-----------------+-----------+-------+
[   11.233403] cloud-init[691]: ci-info: | Route | Destination | Gateway  |     Genmask     | Interface | Flags |
[   11.234820] cloud-init[691]: ci-info: +-------+-------------+----------+-----------------+-----------+-------+
[   11.236628] cloud-init[691]: ci-info: |   0   |   0.0.0.0   | 10.0.2.2 |     0.0.0.0     |   enp0s3  |   UG  |
[   11.238517] cloud-init[691]: ci-info: |   1   |   10.0.2.0  | 0.0.0.0  |  255.255.255.0  |   enp0s3  |   U   |
[   11.239691] cloud-init[691]: ci-info: |   2   |   10.0.2.2  | 0.0.0.0  | 255.255.255.255 |   enp0s3  |   UH  |
[   11.240894] cloud-init[691]: ci-info: +-------+-------------+----------+-----------------+-----------+-------+
[   11.242205] cloud-init[691]: ci-info: +++++++++++++++++++Route IPv6 info+++++++++++++++++++
[   11.252226] cloud-init[691]: ci-info: +-------+-------------+---------+-----------+-------+
[   11.264707] cloud-init[691]: ci-info: | Route | Destination | Gateway | Interface | Flags |
[   11.265808] cloud-init[691]: ci-info: +-------+-------------+---------+-----------+-------+
[   11.266759] cloud-init[691]: ci-info: |   1   |  fe80::/64  |    ::   |   enp0s3  |   U   |
[   11.267642] cloud-init[691]: ci-info: |   3   |    local    |    ::   |   enp0s3  |   U   |
[   11.268874] cloud-init[691]: ci-info: |   4   |   ff00::/8  |    ::   |   enp0s3  |   U   |
[   11.270274] cloud-init[691]: ci-info: +-------+-------------+---------+-----------+-------+
[   11.831993] cloud-init[691]: Generating public/private rsa key pair.
[   11.844636] cloud-init[691]: Your identification has been saved in /etc/ssh/ssh_host_rsa_key.
[   11.860192] cloud-init[691]: Your public key has been saved in /etc/ssh/ssh_host_rsa_key.pub.
[   11.861021] cloud-init[691]: The key fingerprint is:
[   11.861718] cloud-init[691]: SHA256:mqxdIjemVPaKvMGZrVOmMkMSAPIeyjHIna0jo1Xr6tg root@ubuntu-bionic
[   11.862932] cloud-init[691]: The key's randomart image is:
[   11.863810] cloud-init[691]: +---[RSA 2048]----+
[   11.864599] cloud-init[691]: |+                |
[   11.865341] cloud-init[691]: |=.. o            |
[   11.866080] cloud-init[691]: |o+oo..           |
[   11.866823] cloud-init[691]: |oooo..           |
[   11.867533] cloud-init[691]: |.=oo. o S        |
[   11.868468] cloud-init[691]: |o.+o.Bo+         |
[   11.869267] cloud-init[691]: |.o  O+X o        |
[   11.870049] cloud-init[691]: | o++o@ =         |
[   11.872029] cloud-init[691]: |..E+Boo          |
[[0;32m  OK  [0m] Started Initial cloud-init job (metadata service crawler).
[   11.889322] cloud-init[[0;32m  OK  [0m] Reached target Cloud-config availability.
[[0;32m  OK  [0m] Reached target System Initialization.
[[0;32m  OK  [0m] Started Daily apt download activities.
[[0;32m  OK  [0m] Started Daily apt upgrade and clean activities.
[[0;32m  OK  [0m] Listening on Open-iSCSI iscsid Socket.
[691]: +----[SHA256]-----+
[[0;32m  OK  [0m] Listening on D-Bus System Message Bus Socket.
[[0;32m  OK  [0m] Started Message of the Day.
[   11.893304] [[0;32m  OK  [0m] Listening on UUID daemon activation socket.
[[0;32m  OK  [0m] Started Daily Cleanup of Temporary Directories.
[[0;32m  OK  [0m] Listening on ACPID Listen Socket.
cloud-init[691]: Generating public/private dsa key pair.
         Starting LXD - unix socket.
[   11.900349] cloud-init[691]: Your identification has been saved in /etc/ssh/ssh_host_dsa_key.
[   11.901781] cloud-init[691]: Your public key has been saved in /etc/ssh/ssh_host_dsa_key.pub.
[[0;32m  OK  [0m] Started ACPI Events Check.
[   11.904643] cloud-init[691]: The key fingerprint is:
[   11.905352] cloud-init         Starting Socket activation for snappy daemon.
[[0;32m  OK  [0m] Started Discard unused blocks once a week.
[[0;32m  OK  [0m] Reached target Paths.
[[0;32m  OK  [0m] Reached target Timers.
[[0;32m  OK  [0m] Reached target Network is Online.
[[0;32m  OK  [0m] Reached target Remote File Systems (Pre).
[[0;32m  OK  [0m] Reached target Remote File Systems.
         Starting Availability of block devices...
[[0;32m  OK  [0m] Listening on LXD - unix socket.
[[0;32m  OK  [0m] Listening on Socket activation for snappy daemon.
[[0;32m  OK  [0m] Reached target Sockets.
[[0;32m  OK  [0m] Reached target Basic System.
[691]: SHA256:8xXRjz0HIaQ7RU6vFq08I+kTwq5s7VF1YecUYZSU3rU root@ubuntu-bionic[
[0;32m  OK  [0m] Started D-Bus System Message Bus.
[   11.916403] cloud-init[691]: The key's randomart image is:
[   11.917200] cloud-init[691]: +---[DSA 1024]----+
[   11.919093] cloud-init[691]: |           .*.*BB|
[   11.919898] cloud-init[691]: |           = *+B.|
[   11.920741] cloud-init[691]: |          . * ===|
[   11.932425] cloud-init[691]: |       .   * *.E=|
[   11.933029] cloud-init[691]: |        S B O   o|
[   11.933699] cloud-init[691]: |       . * * o   |
[   11.934553] cloud-init[691]: |       .o +      |
[   11.935415] cloud-init[691]: |     ..... .     |
[   11.936258] cloud-init[691]: |     .o..        |
[   11.937075] cloud-init[691]: +----[SHA256]-----+
[   11.937995] cloud-init[691]: Generating public/private ecdsa key pair.
         Starting LSB: automatic crash report generation...
[   11.953112] cloud-init[691]: Your identification has been saved in /etc/ssh/ssh_host_ecdsa_key.
[   11.965585]          Starting Dispatcher daemon for systemd-networkd...
cloud-init[691]: Your public key has been saved in /etc/ssh/ssh_host_ecdsa_key.pub.         Starting Login Service...
         Starting Accounts Service...
         Starting System Logging Service...
         Starting LSB: Record successful boot for GRUB...
[[0;32m  OK  [0m] Started FUSE filesystem for LXC.
         Starting Pollinate to seed the pseudo random number generator...
         Starting Virtualbox guest utils...
[[0;32m  OK  [0m] Started irqbalance daemon.
[[0;32m  OK  [0m] Started Regular background program processing daemon.

[   11.977580] cloud-init[691]: The key fingerprint is:
[   11.978331] cloud-init[691]: SHA256:nUINbE/7orP1aPIrih4Yef1+joA7nbos5MvcY6NUE18 root@ubuntu-bionic
[   11.980117] cloud-init[[0;32m  OK  [0m] Started Deferred execution scheduler.
[691]: The key's randomart image is:
         Starting LXD - container startup/shutdown...
         Starting Permit User Sessions...
[   11.983968] cloud-init[691]: +---[ECDSA 256]---+
[   11.986155] cloud-init[691]: |       ..        |
[   11.988228] cloud-init[691]: |        oo.      |
[   11.988865] cloud-init[691]: |    .  .Eo..     |
[   11.990392] cloud-init[691]: |   . + o .o.     |
[   11.990984] cloud-init[691]: |  o + o S o.     |
[   11.991621] cloud-init[691]: |  .= o . .. .    |
[   11.992196] cloud-init[691]: | oo o.......     |
[   11.992748] cloud-init[691]: | +oo=+oo=ooo     |
[   11.993527] cloud-init[691]: |  =*O*..+X=..    |
[   11.994124] cloud-init[691]: +----[SHA256]-----+
[   11.994735] cloud-init[691]: Generating public/private ed25519 key pair.
[   11.995564] cloud-init[691]: Your identification has been saved in /etc/ssh/ssh_host_ed25519_key.
[   11.997219] cloud-init[691]: Your public key has been saved in /etc/ssh/ssh_host_ed25519_key.pub.
[   12.008419] cloud-init[691]: The key fingerprint is:
[   12.008942] cloud-init[691]: SHA256:Bj+NBktLXaB43pUxQzU1UJPSCsweluJs67HM7VrXcKI root@ubuntu-bionic
[   12.009780] cloud-init[691]: The key's randomart image is:
[   12.010320] cloud-init[691]: +--[ED25519 256]--+
[   12.010997] cloud-init[691]: |        .=*o+==. |
[   12.011594] cloud-init[691]: |     . o..B=..oo |
[   12.012570] cloud-init[691]: |    . Bo.+oo o   |
[   12.013090] cloud-init[691]: |     = B++. .    |
[   12.013659] cloud-init[691]: |      +.S.. o .  |
[   12.014429] cloud-init[691]: |       oo. . =   |
[   12.024283] cloud-init[691]: |       + +E . .  |
[   12.036306] cloud-init[691]: |        =...     |
[   12.037321] cloud-init[691]: |        .o.      |
[   12.037967] cloud-init[691]: +----[SHA256]-----+
         Starting Snappy daemon...
[[0;32m  OK  [0m] Started System Logging Service.
[[0;32m  OK  [0m] Started Availability of block devices.
[[0;32m  OK  [0m] Started Permit User Sessions.
         Starting Terminate Plymouth Boot Screen...
         Starting Hold until boot process finishes up...
[[0;32m  OK  [0m] Started Hold until boot process finishes up.
[[0;32m  OK  [0m] Started Terminate Plymouth Boot Screen.
[[0;32m  OK  [0m] Started Login Service.
         Starting Authorization Manager...
[[0;32m  OK  [0m] Started Unattended Upgrades Shutdown.
         Starting Set console scheme...
[[0;32m  OK  [0m] Started Serial Getty on ttyS0.
[[0;32m  OK  [0m] Started Set console scheme.
[[0;32m  OK  [0m] Started LSB: automatic crash report generation.
[[0;32m  OK  [0m] Created slice system-getty.slice.
[[0;32m  OK  [0m] Started Getty on tty1.
[[0;32m  OK  [0m] Reached target Login Prompts.
[[0;32m  OK  [0m] Started LSB: Record successful boot for GRUB.
[[0;32m  OK  [0m] Started Authorization Manager.
[[0;32m  OK  [0m] Started Accounts Service.
[[0;32m  OK  [0m] Started Virtualbox guest utils.
[[0;32m  OK  [0m] Started LXD - container startup/shutdown.
[[0;32m  OK  [0m] Started Dispatcher daemon for systemd-networkd.
[[0;32m  OK  [0m] Started Snappy daemon.
         Starting Wait until snapd is fully seeded...
[[0;32m  OK  [0m] Started Pollinate to seed the pseudo random number generator.
         Starting OpenBSD Secure Shell server...
[[0;32m  OK  [0m] Started OpenBSD Secure Shell server.
[[0;32m  OK  [0m] Created slice User Slice of vagrant.
         Starting User Manager for UID 1000...
[[0;32m  OK  [0m] Started Session 1 of user vagrant.
[[0;32m  OK  [0m] Started User Manager for UID 1000.

Ubuntu 18.04.3 LTS ubuntu-bionic ttyS0

ubuntu-bionic login: [   18.377992] cloud-init[1411]: Cloud-init v. 19.3-41-gc4735dd3-0ubuntu1~18.04.1 running 'modules:config' at Sun, 29 Dec 2019 12:28:29 +0000. Up 17.94 seconds.
ci-info: no authorized ssh keys fingerprints found for user ubuntu.
<14>Dec 29 12:28:30 ec2: 
<14>Dec 29 12:28:30 ec2: #############################################################
<14>Dec 29 12:28:30 ec2: -----BEGIN SSH HOST KEY FINGERPRINTS-----
<14>Dec 29 12:28:30 ec2: 1024 SHA256:8xXRjz0HIaQ7RU6vFq08I+kTwq5s7VF1YecUYZSU3rU root@ubuntu-bionic (DSA)
<14>Dec 29 12:28:30 ec2: 256 SHA256:nUINbE/7orP1aPIrih4Yef1+joA7nbos5MvcY6NUE18 root@ubuntu-bionic (ECDSA)
<14>Dec 29 12:28:30 ec2: 256 SHA256:Bj+NBktLXaB43pUxQzU1UJPSCsweluJs67HM7VrXcKI root@ubuntu-bionic (ED25519)
<14>Dec 29 12:28:30 ec2: 2048 SHA256:mqxdIjemVPaKvMGZrVOmMkMSAPIeyjHIna0jo1Xr6tg root@ubuntu-bionic (RSA)
<14>Dec 29 12:28:30 ec2: -----END SSH HOST KEY FINGERPRINTS-----
<14>Dec 29 12:28:30 ec2: #############################################################
-----BEGIN SSH HOST KEY KEYS-----
ecdsa-sha2-nistp256 AAAAE2VjZHNhLXNoYTItbmlzdHAyNTYAAAAIbmlzdHAyNTYAAABBBJ+8Hqg4FVSS1lT8zn2R75s6nKhiDvs7Nivy0yG/UvvQqto5wIsf8ig/liNiek+pfgn12cr4A887ISY2x1prT7c= root@ubuntu-bionic
ssh-ed25519 AAAAC3NzaC1lZDI1NTE5AAAAIME89JFzL7wOkh95Ji8IKfMtG6IY6irWxNKOtbNoHsHn root@ubuntu-bionic
ssh-rsa AAAAB3NzaC1yc2EAAAADAQABAAABAQCn5kyG3ddfjrOuXXYovgloepdAGuIWCVs0FnCNHnCKPU2QD4bK5APz7TUHhG6gZCYKINFG24IMbtxoQ5eDi1rMZ0mZ61gTBEhoCeQqyKliQ0PkJYy0JIgIplAAE0brRXaubd8UJPabVm0thuVjmZoBGZ9eSXOX5R9yafyOHaabar9ZW37KteTsGBDhtFYu/Wq8iWFt9rOcIb73by0HYhOZoqh0DKRyMJdXb3OQFQNfEBUiVUXbAEElgNlJrdCQJuceTlxYwALXTErsdaf9IHLBmD/+0SFbbThxKPnn26rdgL8HAjlkv6cM3Np7A6rcVF6Zu1MpFGnM3HUEtLDwVjBF root@ubuntu-bionic
-----END SSH HOST KEY KEYS-----
[   19.071768] cloud-init[1565]: Cloud-init v. 19.3-41-gc4735dd3-0ubuntu1~18.04.1 running 'modules:final' at Sun, 29 Dec 2019 12:28:30 +0000. Up 18.89 seconds.
[   19.071905] cloud-init[1565]: ci-info: no authorized ssh keys fingerprints found for user ubuntu.
[   19.072097] cloud-init[1565]: Cloud-init v. 19.3-41-gc4735dd3-0ubuntu1~18.04.1 finished at Sun, 29 Dec 2019 12:28:30 +0000. Datasource DataSourceNoCloud [seed=/dev/sdb][dsmode=net].  Up 19.06 seconds
